<?xml version="1.0" encoding="UTF-8"?>
<testsuite xmlns:xsi="http://www.w3.org/2001/XMLSchema-instance" xsi:noNamespaceSchemaLocation="https://maven.apache.org/surefire/maven-surefire-plugin/xsd/surefire-test-report.xsd" version="3.0.2" name="com.example.url_shortener.UrlShortenerApplicationTests" time="21.515" tests="1" errors="0" skipped="0" failures="0">
  <properties>
[...]
</properties>
  <testcase name="contextLoads" classname="com.example.url_shortener.UrlShortenerApplicationTests" time="2.529">
    <system-out><![CDATA[14:14:02.856 [main] INFO org.springframework.test.context.support.AnnotationConfigContextLoaderUtils -- Could not detect default configuration classes for test class [com.example.url_shortener.UrlShortenerApplicationTests]: UrlShortenerApplicationTests does not declare any static, non-private, non-final, nested classes annotated with @Configuration.
14:14:03.305 [main] INFO org.springframework.boot.test.context.SpringBootTestContextBootstrapper -- Found @SpringBootConfiguration com.example.url_shortener.UrlShortenerApplication for test class com.example.url_shortener.UrlShortenerApplicationTests

  .   ____          _            __ _ _
 /\\ / ___'_ __ _ _(_)_ __  __ _ \ \ \ \
( ( )\___ | '_ | '_| | '_ \/ _` | \ \ \ \
 \\/  ___)| |_)| | | | | || (_| |  ) ) ) )
  '  |____| .__|_| |_|_| |_\__, | / / / /
 =========|_|==============|___/=/_/_/_/

 :: Spring Boot ::                (v3.5.9)

2025-12-22T14:14:05.375+01:00  INFO 13428 --- [url-shortener-test] [           main] c.e.u.UrlShortenerApplicationTests       : Starting UrlShortenerApplicationTests using Java 17.0.12 with PID 13428 (started by USER in C:\Users\USER\Documents\GitHub\url-shortener\url-shortener)
2025-12-22T14:14:05.380+01:00  INFO 13428 --- [url-shortener-test] [           main] c.e.u.UrlShortenerApplicationTests       : The following 1 profile is active: "test"
2025-12-22T14:14:09.881+01:00  INFO 13428 --- [url-shortener-test] [           main] .s.d.r.c.RepositoryConfigurationDelegate : Multiple Spring Data modules found, entering strict repository configuration mode
2025-12-22T14:14:09.887+01:00  INFO 13428 --- [url-shortener-test] [           main] .s.d.r.c.RepositoryConfigurationDelegate : Bootstrapping Spring Data JPA repositories in DEFAULT mode.
2025-12-22T14:14:10.677+01:00  INFO 13428 --- [url-shortener-test] [           main] .s.d.r.c.RepositoryConfigurationDelegate : Finished Spring Data repository scanning in 745 ms. Found 1 JPA repository interface.
2025-12-22T14:14:12.027+01:00  INFO 13428 --- [url-shortener-test] [           main] o.hibernate.jpa.internal.util.LogHelper  : HHH000204: Processing PersistenceUnitInfo [name: default]
2025-12-22T14:14:12.305+01:00  INFO 13428 --- [url-shortener-test] [           main] org.hibernate.Version                    : HHH000412: Hibernate ORM core version 6.6.39.Final
2025-12-22T14:14:12.431+01:00  INFO 13428 --- [url-shortener-test] [           main] o.h.c.internal.RegionFactoryInitiator    : HHH000026: Second-level cache disabled
2025-12-22T14:14:12.962+01:00  INFO 13428 --- [url-shortener-test] [           main] o.s.o.j.p.SpringPersistenceUnitInfo      : No LoadTimeWeaver setup: ignoring JPA class transformer
2025-12-22T14:14:13.072+01:00  WARN 13428 --- [url-shortener-test] [           main] com.zaxxer.hikari.HikariConfig           : url-shortener-pool - idleTimeout has been set but has no effect because the pool is operating as a fixed size pool.
2025-12-22T14:14:13.072+01:00  INFO 13428 --- [url-shortener-test] [           main] com.zaxxer.hikari.HikariDataSource       : url-shortener-pool - Starting...
2025-12-22T14:14:13.868+01:00  INFO 13428 --- [url-shortener-test] [           main] com.zaxxer.hikari.pool.HikariPool        : url-shortener-pool - Added connection conn0: url=jdbc:h2:mem:testDb user=SA
2025-12-22T14:14:13.874+01:00  INFO 13428 --- [url-shortener-test] [           main] com.zaxxer.hikari.HikariDataSource       : url-shortener-pool - Start completed.
2025-12-22T14:14:13.956+01:00  WARN 13428 --- [url-shortener-test] [           main] org.hibernate.orm.deprecation            : HHH90000025: H2Dialect does not need to be specified explicitly using 'hibernate.dialect' (remove the property setting and it will be selected by default)
2025-12-22T14:14:14.018+01:00  INFO 13428 --- [url-shortener-test] [           main] org.hibernate.orm.connections.pooling    : HHH10001005: Database info:
	Database JDBC URL [Connecting through datasource 'HikariDataSource (url-shortener-pool)']
	Database driver: undefined/unknown
	Database version: 2.3.232
	Autocommit mode: undefined/unknown
	Isolation level: undefined/unknown
	Minimum pool size: undefined/unknown
	Maximum pool size: undefined/unknown
2025-12-22T14:14:15.793+01:00  INFO 13428 --- [url-shortener-test] [           main] o.h.e.t.j.p.i.JtaPlatformInitiator       : HHH000489: No JTA platform available (set 'hibernate.transaction.jta.platform' to enable JTA platform integration)
2025-12-22T14:14:15.891+01:00  INFO 13428 --- [url-shortener-test] [           main] j.LocalContainerEntityManagerFactoryBean : Initialized JPA EntityManagerFactory for persistence unit 'default'
2025-12-22T14:14:16.711+01:00  INFO 13428 --- [url-shortener-test] [           main] o.s.d.j.r.query.QueryEnhancerFactory     : Hibernate is in classpath; If applicable, HQL parser will be used.
2025-12-22T14:14:18.220+01:00  WARN 13428 --- [url-shortener-test] [           main] JpaBaseConfiguration$JpaWebConfiguration : spring.jpa.open-in-view is enabled by default. Therefore, database queries may be performed during view rendering. Explicitly configure spring.jpa.open-in-view to disable this warning
2025-12-22T14:14:20.773+01:00  INFO 13428 --- [url-shortener-test] [           main] o.s.b.a.e.web.EndpointLinksResolver      : Exposing 1 endpoint beneath base path '/actuator'
2025-12-22T14:14:21.105+01:00  INFO 13428 --- [url-shortener-test] [           main] c.e.u.UrlShortenerApplicationTests       : Started UrlShortenerApplicationTests in 17.115 seconds (process running for 27.011)
2025-12-22T14:14:21.392+01:00  WARN 13428 --- [url-shortener-test] [           main] o.s.core.events.SpringDocAppInitializer  : SpringDoc /v3/api-docs endpoint is enabled by default. To disable it in production, set the property 'springdoc.api-docs.enabled=false'
2025-12-22T14:14:21.392+01:00  WARN 13428 --- [url-shortener-test] [           main] o.s.core.events.SpringDocAppInitializer  : SpringDoc /swagger-ui.html endpoint is enabled by default. To disable it in production, set the property 'springdoc.swagger-ui.enabled=false'

  .   ____          _            __ _ _
 /\\ / ___'_ __ _ _(_)_ __  __ _ \ \ \ \
( ( )\___ | '_ | '_| | '_ \/ _` | \ \ \ \
 \\/  ___)| |_)| | | | | || (_| |  ) ) ) )
  '  |____| .__|_| |_|_| |_\__, | / / / /
 =========|_|==============|___/=/_/_/_/

 :: Spring Boot ::                (v3.5.9)

2025-12-22T14:14:21.816+01:00  INFO 13428 --- [url-shortener-test] [           main] c.e.u.UrlShortenerApplication            : Starting UrlShortenerApplication using Java 17.0.12 with PID 13428 (started by USER in C:\Users\USER\Documents\GitHub\url-shortener\url-shortener)
2025-12-22T14:14:21.816+01:00  INFO 13428 --- [url-shortener-test] [           main] c.e.u.UrlShortenerApplication            : The following 1 profile is active: "test"
2025-12-22T14:14:22.583+01:00  INFO 13428 --- [url-shortener-test] [           main] .s.d.r.c.RepositoryConfigurationDelegate : Multiple Spring Data modules found, entering strict repository configuration mode
2025-12-22T14:14:22.584+01:00  INFO 13428 --- [url-shortener-test] [           main] .s.d.r.c.RepositoryConfigurationDelegate : Bootstrapping Spring Data JPA repositories in DEFAULT mode.
2025-12-22T14:14:22.612+01:00  INFO 13428 --- [url-shortener-test] [           main] .s.d.r.c.RepositoryConfigurationDelegate : Finished Spring Data repository scanning in 26 ms. Found 1 JPA repository interface.
2025-12-22T14:14:22.994+01:00  INFO 13428 --- [url-shortener-test] [           main] o.s.b.w.embedded.tomcat.TomcatWebServer  : Tomcat initialized with port 0 (http)
2025-12-22T14:14:23.036+01:00  INFO 13428 --- [url-shortener-test] [           main] o.apache.catalina.core.StandardService   : Starting service [Tomcat]
2025-12-22T14:14:23.036+01:00  INFO 13428 --- [url-shortener-test] [           main] o.apache.catalina.core.StandardEngine    : Starting Servlet engine: [Apache Tomcat/10.1.50]
2025-12-22T14:14:23.159+01:00  INFO 13428 --- [url-shortener-test] [           main] o.a.c.c.C.[Tomcat].[localhost].[/]       : Initializing Spring embedded WebApplicationContext
2025-12-22T14:14:23.161+01:00  INFO 13428 --- [url-shortener-test] [           main] w.s.c.ServletWebServerApplicationContext : Root WebApplicationContext: initialization completed in 1335 ms
2025-12-22T14:14:23.320+01:00  INFO 13428 --- [url-shortener-test] [           main] o.hibernate.jpa.internal.util.LogHelper  : HHH000204: Processing PersistenceUnitInfo [name: default]
2025-12-22T14:14:23.325+01:00  INFO 13428 --- [url-shortener-test] [           main] o.h.c.internal.RegionFactoryInitiator    : HHH000026: Second-level cache disabled
2025-12-22T14:14:23.344+01:00  INFO 13428 --- [url-shortener-test] [           main] o.s.o.j.p.SpringPersistenceUnitInfo      : No LoadTimeWeaver setup: ignoring JPA class transformer
2025-12-22T14:14:23.346+01:00  WARN 13428 --- [url-shortener-test] [           main] com.zaxxer.hikari.HikariConfig           : url-shortener-pool - idleTimeout has been set but has no effect because the pool is operating as a fixed size pool.
2025-12-22T14:14:23.346+01:00  INFO 13428 --- [url-shortener-test] [           main] com.zaxxer.hikari.HikariDataSource       : url-shortener-pool - Starting...
2025-12-22T14:14:23.347+01:00  INFO 13428 --- [url-shortener-test] [           main] com.zaxxer.hikari.pool.HikariPool        : url-shortener-pool - Added connection conn10: url=jdbc:h2:mem:testDb user=SA
2025-12-22T14:14:23.348+01:00  INFO 13428 --- [url-shortener-test] [           main] com.zaxxer.hikari.HikariDataSource       : url-shortener-pool - Start completed.
2025-12-22T14:14:23.349+01:00  WARN 13428 --- [url-shortener-test] [           main] org.hibernate.orm.deprecation            : HHH90000025: H2Dialect does not need to be specified explicitly using 'hibernate.dialect' (remove the property setting and it will be selected by default)
2025-12-22T14:14:23.349+01:00  INFO 13428 --- [url-shortener-test] [           main] org.hibernate.orm.connections.pooling    : HHH10001005: Database info:
	Database JDBC URL [Connecting through datasource 'HikariDataSource (url-shortener-pool)']
	Database driver: undefined/unknown
	Database version: 2.3.232
	Autocommit mode: undefined/unknown
	Isolation level: undefined/unknown
	Minimum pool size: undefined/unknown
	Maximum pool size: undefined/unknown
2025-12-22T14:14:23.403+01:00  INFO 13428 --- [url-shortener-test] [           main] o.h.e.t.j.p.i.JtaPlatformInitiator       : HHH000489: No JTA platform available (set 'hibernate.transaction.jta.platform' to enable JTA platform integration)
2025-12-22T14:14:23.413+01:00  INFO 13428 --- [url-shortener-test] [           main] j.LocalContainerEntityManagerFactoryBean : Initialized JPA EntityManagerFactory for persistence unit 'default'
2025-12-22T14:14:23.555+01:00  WARN 13428 --- [url-shortener-test] [           main] JpaBaseConfiguration$JpaWebConfiguration : spring.jpa.open-in-view is enabled by default. Therefore, database queries may be performed during view rendering. Explicitly configure spring.jpa.open-in-view to disable this warning
2025-12-22T14:14:23.872+01:00  INFO 13428 --- [url-shortener-test] [           main] o.s.b.a.e.web.EndpointLinksResolver      : Exposing 1 endpoint beneath base path '/actuator'
2025-12-22T14:14:23.957+01:00  INFO 13428 --- [url-shortener-test] [           main] o.s.b.w.embedded.tomcat.TomcatWebServer  : Tomcat started on port 57256 (http) with context path '/'
2025-12-22T14:14:23.968+01:00  INFO 13428 --- [url-shortener-test] [           main] c.e.u.UrlShortenerApplication            : Started UrlShortenerApplication in 2.424 seconds (process running for 29.875)
2025-12-22T14:14:23.971+01:00  WARN 13428 --- [url-shortener-test] [           main] o.s.core.events.SpringDocAppInitializer  : SpringDoc /v3/api-docs endpoint is enabled by default. To disable it in production, set the property 'springdoc.api-docs.enabled=false'
2025-12-22T14:14:23.972+01:00  WARN 13428 --- [url-shortener-test] [           main] o.s.core.events.SpringDocAppInitializer  : SpringDoc /swagger-ui.html endpoint is enabled by default. To disable it in production, set the property 'springdoc.swagger-ui.enabled=false'
]]></system-out>
  </testcase>
</testsuite>